0 info it worked if it ends with ok
1 verbose cli [ '/home/ubuntu/.nvm/v0.10.35/bin/node',
1 verbose cli   '/home/ubuntu/.nvm/v0.10.35/bin/npm',
1 verbose cli   'install' ]
2 info using npm@1.4.28
3 info using node@v0.10.35
4 warn package.json MGT645-HW-2@0.0.0 No repository field.
5 verbose readDependencies using package.json deps
6 verbose install where, deps [ '/home/ubuntu/workspace', [ 'express', 'morgan' ] ]
7 info preinstall MGT645-HW-2@0.0.0
8 verbose readDependencies using package.json deps
9 verbose cache add [ 'express@^4.9.5', null ]
10 verbose cache add name=undefined spec="express@^4.9.5" args=["express@^4.9.5",null]
11 verbose parsed url { protocol: null,
11 verbose parsed url   slashes: null,
11 verbose parsed url   auth: null,
11 verbose parsed url   host: null,
11 verbose parsed url   port: null,
11 verbose parsed url   hostname: null,
11 verbose parsed url   hash: null,
11 verbose parsed url   search: null,
11 verbose parsed url   query: null,
11 verbose parsed url   pathname: 'express@^4.9.5',
11 verbose parsed url   path: 'express@^4.9.5',
11 verbose parsed url   href: 'express@^4.9.5' }
12 verbose cache add [ 'morgan@^1.3.2', null ]
13 verbose cache add name=undefined spec="morgan@^1.3.2" args=["morgan@^1.3.2",null]
14 verbose parsed url { protocol: null,
14 verbose parsed url   slashes: null,
14 verbose parsed url   auth: null,
14 verbose parsed url   host: null,
14 verbose parsed url   port: null,
14 verbose parsed url   hostname: null,
14 verbose parsed url   hash: null,
14 verbose parsed url   search: null,
14 verbose parsed url   query: null,
14 verbose parsed url   pathname: 'morgan@^1.3.2',
14 verbose parsed url   path: 'morgan@^1.3.2',
14 verbose parsed url   href: 'morgan@^1.3.2' }
15 verbose cache add name="express" spec="^4.9.5" args=["express","^4.9.5"]
16 verbose parsed url { protocol: null,
16 verbose parsed url   slashes: null,
16 verbose parsed url   auth: null,
16 verbose parsed url   host: null,
16 verbose parsed url   port: null,
16 verbose parsed url   hostname: null,
16 verbose parsed url   hash: null,
16 verbose parsed url   search: null,
16 verbose parsed url   query: null,
16 verbose parsed url   pathname: '^4.9.5',
16 verbose parsed url   path: '^4.9.5',
16 verbose parsed url   href: '^4.9.5' }
17 verbose addNamed [ 'express', '^4.9.5' ]
18 verbose addNamed [ null, '>=4.9.5-0 <5.0.0-0' ]
19 verbose cache add name="morgan" spec="^1.3.2" args=["morgan","^1.3.2"]
20 verbose parsed url { protocol: null,
20 verbose parsed url   slashes: null,
20 verbose parsed url   auth: null,
20 verbose parsed url   host: null,
20 verbose parsed url   port: null,
20 verbose parsed url   hostname: null,
20 verbose parsed url   hash: null,
20 verbose parsed url   search: null,
20 verbose parsed url   query: null,
20 verbose parsed url   pathname: '^1.3.2',
20 verbose parsed url   path: '^1.3.2',
20 verbose parsed url   href: '^1.3.2' }
21 verbose addNamed [ 'morgan', '^1.3.2' ]
22 verbose addNamed [ null, '>=1.3.2-0 <2.0.0-0' ]
23 silly lockFile fded4574-express-4-9-5 express@^4.9.5
24 verbose lock express@^4.9.5 /home/ubuntu/.npm/fded4574-express-4-9-5.lock
25 silly lockFile 8f9a6029-morgan-1-3-2 morgan@^1.3.2
26 verbose lock morgan@^1.3.2 /home/ubuntu/.npm/8f9a6029-morgan-1-3-2.lock
27 silly addNameRange { name: 'express', range: '>=4.9.5-0 <5.0.0-0', hasData: false }
28 silly addNameRange { name: 'morgan', range: '>=1.3.2-0 <2.0.0-0', hasData: false }
29 verbose request where is /express
30 verbose request registry https://registry.npmjs.org/
31 verbose request id c5e478c4ac71bc67
32 verbose url raw /express
33 verbose url resolving [ 'https://registry.npmjs.org/', './express' ]
34 verbose url resolved https://registry.npmjs.org/express
35 verbose request where is https://registry.npmjs.org/express
36 info trying registry request attempt 1 at 20:35:54
37 http GET https://registry.npmjs.org/express
38 verbose request where is /morgan
39 verbose request registry https://registry.npmjs.org/
40 verbose url raw /morgan
41 verbose url resolving [ 'https://registry.npmjs.org/', './morgan' ]
42 verbose url resolved https://registry.npmjs.org/morgan
43 verbose request where is https://registry.npmjs.org/morgan
44 info trying registry request attempt 1 at 20:35:54
45 http GET https://registry.npmjs.org/morgan
46 info retry will retry, error on last attempt: Error: tunneling socket could not be established, cause=connect ECONNREFUSED
47 info retry will retry, error on last attempt: Error: tunneling socket could not be established, cause=connect ECONNREFUSED
48 info trying registry request attempt 2 at 20:36:04
49 http GET https://registry.npmjs.org/express
50 info trying registry request attempt 2 at 20:36:04
51 http GET https://registry.npmjs.org/morgan
52 info retry will retry, error on last attempt: Error: tunneling socket could not be established, cause=connect ECONNREFUSED
53 info retry will retry, error on last attempt: Error: tunneling socket could not be established, cause=connect ECONNREFUSED
54 info trying registry request attempt 3 at 20:37:04
55 http GET https://registry.npmjs.org/express
56 info trying registry request attempt 3 at 20:37:04
57 http GET https://registry.npmjs.org/morgan
58 silly lockFile fded4574-express-4-9-5 express@^4.9.5
59 silly lockFile fded4574-express-4-9-5 express@^4.9.5
60 silly lockFile 8f9a6029-morgan-1-3-2 morgan@^1.3.2
61 silly lockFile 8f9a6029-morgan-1-3-2 morgan@^1.3.2
62 error network tunneling socket could not be established, cause=connect ECONNREFUSED
62 error network This is most likely not a problem with npm itself
62 error network and is related to network connectivity.
62 error network In most cases you are behind a proxy or have bad network settings.
62 error network
62 error network If you are behind a proxy, please make sure that the
62 error network 'proxy' config is set properly.  See: 'npm help config'
63 error System Linux 3.14.13-c9
64 error command "/home/ubuntu/.nvm/v0.10.35/bin/node" "/home/ubuntu/.nvm/v0.10.35/bin/npm" "install"
65 error cwd /home/ubuntu/workspace
66 error node -v v0.10.35
67 error npm -v 1.4.28
68 error code ECONNRESET
69 verbose exit [ 1, true ]
